2026-02-06 02:49:17 - main.py - INFO - 
================================================================================
2026-02-06 02:49:17 - main.py - INFO - Starting >>> Fetching Data from API
2026-02-06 02:49:17 - main.py - INFO - ================================================================================

2026-02-06 02:49:18 - main.py - INFO - Starting API data ingestion...
2026-02-06 02:49:18 - main.py - INFO - API data ingestion completed successfully!
2026-02-06 02:49:18 - main.py - INFO - Found 1 batch files in raw data directory
2026-02-06 02:49:18 - main.py - INFO - ✓ Fetching Data from API COMPLETED
2026-02-06 02:49:18 - main.py - INFO - 
================================================================================
2026-02-06 02:49:18 - main.py - INFO - Starting >>> ETL Transformation
2026-02-06 02:49:18 - main.py - INFO - ================================================================================

2026-02-06 02:49:19 - main.py - INFO - Starting ETL transformation...
2026-02-06 02:49:19 - main.py - ERROR - Step 2 failed: [JAVA_GATEWAY_EXITED] Java gateway process exited before sending its port number.
2026-02-06 02:49:19 - main.py - ERROR - ✗ ETL Transformation FAILED
2026-02-06 02:49:19 - main.py - INFO - 
================================================================================
2026-02-06 02:49:19 - main.py - INFO - Starting >>> KPI Analysis
2026-02-06 02:49:19 - main.py - INFO - ================================================================================

2026-02-06 02:49:19 - main.py - INFO - Starting KPI analysis...
2026-02-06 02:49:19 - main.py - ERROR - Step 3 failed: [JAVA_GATEWAY_EXITED] Java gateway process exited before sending its port number.
2026-02-06 02:49:19 - main.py - ERROR - ✗ KPI Analysis FAILED
2026-02-06 02:49:19 - main.py - INFO - 
================================================================================
2026-02-06 02:49:19 - main.py - INFO - Starting >>> Visualization
2026-02-06 02:49:19 - main.py - INFO - ================================================================================

2026-02-06 02:49:24 - main.py - INFO - Starting visualization generation...
2026-02-06 02:49:24 - main.py - ERROR - Step 4 failed: [JAVA_GATEWAY_EXITED] Java gateway process exited before sending its port number.
2026-02-06 02:49:24 - main.py - ERROR - ✗ Visualization FAILED
2026-02-06 02:51:13 - fetch_data.py - INFO - Starting Async Ingestion for 19 unique movies.
2026-02-06 02:51:13 - fetch_data.py - INFO - Processing chunk 1 with 19 movies...
2026-02-06 02:51:14 - fetch_data.py - WARNING - Resource not found (404) for https://api.themoviedb.org/3/movie/0. Skipping (Permanent Failure).
2026-02-06 02:51:14 - fetch_data.py - WARNING - Resource not found (404) for https://api.themoviedb.org/3/movie/0/credits. Skipping (Permanent Failure).
2026-02-06 02:51:16 - fetch_data.py - INFO - Saved batch 1 with 18 movies to /mnt/c/Users/Amalitech/OneDrive - AmaliTech gGmbH/Desktop/Moodle Labs/Specilization/DEM05/TMDB-project/Spark-impl/data/raw/batch_1.json
2026-02-06 02:51:16 - fetch_data.py - INFO - Ingestion Finished. Processed 18 movies in 2.86 seconds.
2026-02-06 02:57:05 - etl.py - INFO - Spark Session created.
2026-02-06 02:57:05 - etl.py - INFO - Reading 1 files via explicit list.
2026-02-06 02:57:12 - etl.py - INFO - Raw data loaded: 18 records
2026-02-06 02:57:12 - etl.py - INFO - Starting transformations...
2026-02-06 02:57:18 - etl.py - INFO - Transformed data ready for write.
2026-02-06 02:57:18 - etl.py - INFO - Writing processed data to: /mnt/c/Users/Amalitech/OneDrive - AmaliTech gGmbH/Desktop/Moodle Labs/Specilization/DEM05/TMDB-project/Spark-impl/data/processed
2026-02-06 02:57:18 - etl.py - INFO - Attempting native Spark write...
2026-02-06 02:57:23 - etl.py - INFO - Successfully wrote data using native Spark Parquet writer.
2026-02-06 02:57:23 - etl.py - INFO - ETL Job Finished Successfully.
2026-02-06 03:15:22 - kpi.py - INFO - Starting Comprehensive Analytics...
2026-02-06 03:15:22 - kpi.py - INFO - Loading data from: /mnt/c/Users/Amalitech/OneDrive - AmaliTech gGmbH/Desktop/Moodle Labs/Specilization/DEM05/TMDB-project/Spark-impl/data/processed
2026-02-06 03:15:32 - kpi.py - INFO - Successfully loaded 18 records using Spark.
2026-02-06 03:15:51 - kpi.py - INFO - Writing report to: /mnt/c/Users/Amalitech/OneDrive - AmaliTech gGmbH/Desktop/Moodle Labs/Specilization/DEM05/TMDB-project/Spark-impl/output/kpi_analysis.txt
2026-02-06 03:15:51 - kpi.py - INFO - Report written successfully.
2026-02-06 03:15:51 - kpi.py - INFO - Analytics finished.
